IMLib/build/outputs/logs/manifest-merger-release-report.txt
-- Merging decision tree log ---
manifest
ADDED from IMLib\AndroidManifest.xml:1:1-70:12
INJECTED from IMLib\AndroidManifest.xml:1:1-70:12
INJECTED from IMLib\AndroidManifest.xml:1:1-70:12
INJECTED from IMLib\AndroidManifest.xml:1:1-70:12
INJECTED from IMLib\AndroidManifest.xml:1:1-70:12
INJECTED from IMLib\AndroidManifest.xml:1:1-70:12
INJECTED from IMLib\AndroidManifest.xml:1:1-70:12
	package
		ADDED from IMLib\AndroidManifest.xml:2:5-28
		INJECTED from IMLib\AndroidManifest.xml
		INJECTED from IMLib\AndroidManifest.xml
	android:versionName
		INJECTED from IMLib\AndroidManifest.xml
		ADDED from IMLib\AndroidManifest.xml:1:1-70:12
		INJECTED from IMLib\AndroidManifest.xml
	android:versionCode
		INJECTED from IMLib\AndroidManifest.xml
		ADDED from IMLib\AndroidManifest.xml:1:1-70:12
		INJECTED from IMLib\AndroidManifest.xml
	xmlns:android
		ADDED from IMLib\AndroidManifest.xml:1:11-69
uses-permission#android.permission.WRITE_EXTERNAL_STORAGE
ADDED from IMLib\AndroidManifest.xml:5:5-81
	android:name
		ADDED from IMLib\AndroidManifest.xml:5:22-78
uses-permission#android.permission.INTERNET
ADDED from IMLib\AndroidManifest.xml:7:5-67
	android:name
		ADDED from IMLib\AndroidManifest.xml:7:22-64
uses-permission#android.permission.ACCESS_NETWORK_STATE
ADDED from IMLib\AndroidManifest.xml:8:5-79
	android:name
		ADDED from IMLib\AndroidManifest.xml:8:22-76
uses-permission#android.permission.ACCESS_WIFI_STATE
ADDED from IMLib\AndroidManifest.xml:9:5-76
	android:name
		ADDED from IMLib\AndroidManifest.xml:9:22-73
uses-permission#android.permission.WAKE_LOCK
ADDED from IMLib\AndroidManifest.xml:11:5-68
	android:name
		ADDED from IMLib\AndroidManifest.xml:11:22-65
uses-permission#android.permission.ACCESS_FINE_LOCATION
ADDED from IMLib\AndroidManifest.xml:13:5-79
	android:name
		ADDED from IMLib\AndroidManifest.xml:13:22-76
application
ADDED from IMLib\AndroidManifest.xml:15:5-68:19
meta-data#RONG_CLOUD_APP_KEY
ADDED from IMLib\AndroidManifest.xml:22:9-24:45
	android:value
		ADDED from IMLib\AndroidManifest.xml:24:13-42
	android:name
		ADDED from IMLib\AndroidManifest.xml:23:13-46
service#io.rong.imlib.ipc.RongService
ADDED from IMLib\AndroidManifest.xml:26:9-29:38
	android:process
		ADDED from IMLib\AndroidManifest.xml:29:13-35
	android:exported
		ADDED from IMLib\AndroidManifest.xml:28:13-36
	android:name
		ADDED from IMLib\AndroidManifest.xml:27:13-57
receiver#io.rong.imlib.ConnectChangeReceiver
ADDED from IMLib\AndroidManifest.xml:31:9-33:39
	android:exported
		ADDED from IMLib\AndroidManifest.xml:33:13-36
	android:name
		ADDED from IMLib\AndroidManifest.xml:32:13-63
receiver#io.rong.imlib.HeartbeatReceiver
ADDED from IMLib\AndroidManifest.xml:35:9-37:38
	android:process
		ADDED from IMLib\AndroidManifest.xml:37:13-35
	android:name
		ADDED from IMLib\AndroidManifest.xml:36:13-59
service#io.rong.push.rongpush.PushService
ADDED from IMLib\AndroidManifest.xml:41:9-45:46
	android:process
		ADDED from IMLib\AndroidManifest.xml:45:13-43
	android:exported
		ADDED from IMLib\AndroidManifest.xml:43:13-36
	android:permission
		ADDED from IMLib\AndroidManifest.xml:44:13-69
	android:name
		ADDED from IMLib\AndroidManifest.xml:42:13-61
receiver#io.rong.push.rongpush.PushReceiver
ADDED from IMLib\AndroidManifest.xml:48:9-63:20
	android:process
		ADDED from IMLib\AndroidManifest.xml:50:13-43
	android:name
		ADDED from IMLib\AndroidManifest.xml:49:13-62
intent-filter#action:name:android.net.conn.CONNECTIVITY_CHANGE+action:name:io.rong.push.intent.action.HEART_BEAT
ADDED from IMLib\AndroidManifest.xml:52:13-55:29
action#io.rong.push.intent.action.HEART_BEAT
ADDED from IMLib\AndroidManifest.xml:53:17-80
	android:name
		ADDED from IMLib\AndroidManifest.xml:53:25-77
action#android.net.conn.CONNECTIVITY_CHANGE
ADDED from IMLib\AndroidManifest.xml:54:17-79
	android:name
		ADDED from IMLib\AndroidManifest.xml:54:25-76
intent-filter#action:name:android.intent.action.ACTION_POWER_CONNECTED+action:name:android.intent.action.ACTION_POWER_DISCONNECTED+action:name:android.intent.action.USER_PRESENT
ADDED from IMLib\AndroidManifest.xml:58:13-62:29
action#android.intent.action.USER_PRESENT
ADDED from IMLib\AndroidManifest.xml:59:17-77
	android:name
		ADDED from IMLib\AndroidManifest.xml:59:25-74
action#android.intent.action.ACTION_POWER_CONNECTED
ADDED from IMLib\AndroidManifest.xml:60:17-87
	android:name
		ADDED from IMLib\AndroidManifest.xml:60:25-84
action#android.intent.action.ACTION_POWER_DISCONNECTED
ADDED from IMLib\AndroidManifest.xml:61:17-90
	android:name
		ADDED from IMLib\AndroidManifest.xml:61:25-87
uses-sdk
INJECTED from IMLib\AndroidManifest.xml reason: use-sdk injection requested
INJECTED from IMLib\AndroidManifest.xml
INJECTED from IMLib\AndroidManifest.xml
INJECTED from IMLib\AndroidManifest.xml
INJECTED from IMLib\AndroidManifest.xml
	android:targetSdkVersion
		INJECTED from IMLib\AndroidManifest.xml
		ADDED from IMLib\AndroidManifest.xml
		INJECTED from IMLib\AndroidManifest.xml
	android:minSdkVersion
		INJECTED from IMLib\AndroidManifest.xml
		ADDED from IMLib\AndroidManifest.xml
		INJECTED from IMLib\AndroidManifest.xml